<?xml version="1.0" encoding="UTF-8"?>
<!-- Generated by org.testng.reporters.JUnitReportReporter -->
<testsuite hostname="DESKTOP-87G55SS" failures="0" tests="1" name="Testcase.TC_01_register" time="10.083" errors="0" timestamp="2024-03-04T20:50:10 IST" skipped="0">
  <testcase classname="Testcase.TC_01_register" name="register" time="10.083"/>
  <system-out/>
</testsuite> <!-- Testcase.TC_01_register -->
